<html>
<head>
<title>TestNG:  Surefire test</title>
<link href="../testng.css" rel="stylesheet" type="text/css" />
<link href="../my-testng.css" rel="stylesheet" type="text/css" />

<style type="text/css">
.log { display: none;} 
.stack-trace { display: none;} 
</style>
<script type="text/javascript">
<!--
function flip(e) {
  current = e.style.display;
  if (current == 'block') {
    e.style.display = 'none';
    return 0;
  }
  else {
    e.style.display = 'block';
    return 1;
  }
}

function toggleBox(szDivId, elem, msg1, msg2)
{
  var res = -1;  if (document.getElementById) {
    res = flip(document.getElementById(szDivId));
  }
  else if (document.all) {
    // this is the way old msie versions work
    res = flip(document.all[szDivId]);
  }
  if(elem) {
    if(res == 0) elem.innerHTML = msg1; else elem.innerHTML = msg2;
  }

}

function toggleAllBoxes() {
  if (document.getElementsByTagName) {
    d = document.getElementsByTagName('div');
    for (i = 0; i < d.length; i++) {
      if (d[i].className == 'log') {
        flip(d[i]);
      }
    }
  }
}

// -->
</script>

</head>
<body>
<h2 align='center'>Surefire test</h2><table border='1' align="center">
<tr>
<td>Tests passed/Failed/Skipped:</td><td>27/0/0</td>
</tr><tr>
<td>Started on:</td><td>Sun Nov 17 21:24:17 CET 2019</td>
</tr>
<tr><td>Total time:</td><td>0 seconds (37 ms)</td>
</tr><tr>
<td>Included groups:</td><td></td>
</tr><tr>
<td>Excluded groups:</td><td></td>
</tr>
</table><p/>
<small><i>(Hover the method name to see the test class name)</i></small><p/>
<table width='100%' border='1' class='invocation-passed'>
<tr><td colspan='4' align='center'><b>PASSED TESTS</b></td></tr>
<tr><td><b>Test method</b></td>
<td width="30%"><b>Exception</b></td>
<td width="10%"><b>Time (seconds)</b></td>
<td><b>Instance</b></td>
</tr>
<tr>
<td title='com.bieganski.figures.KingFigureTest.checkCollision_CanNotReturnNull()'><b>checkCollision_CanNotReturnNull</b><br>Test class: com.bieganski.figures.KingFigureTest</td>
<td></td>
<td>0</td>
<td>com.bieganski.figures.KingFigureTest@c81cdd1</td></tr>
<tr>
<td title='com.bieganski.figures.KnightTest.checkCollision_CanNotReturnNull()'><b>checkCollision_CanNotReturnNull</b><br>Test class: com.bieganski.figures.KnightTest</td>
<td></td>
<td>0</td>
<td>com.bieganski.figures.KnightTest@1fc2b765</td></tr>
<tr>
<td title='com.bieganski.board.CharConverterTest.convertCharNumberToInt_FailWhenArgumentIsNotNumber()'><b>convertCharNumberToInt_FailWhenArgumentIsNotNumber</b><br>Test class: com.bieganski.board.CharConverterTest</td>
<td><div><pre>java.lang.IllegalArgumentException: Argument isn&apos;t number
	at com.bieganski.board.CharConverter.convertCharNumberToInt(CharConverter.java:18)
	at com.bieganski.board.CharConverterTest.convertCharNumberToInt_FailWhenArgumentIsNotNumber(CharConverterTest.java:11)
... Removed 30 stack frames</pre></div><a href='#' onClick='toggleBox("stack-trace93314457", this, "Click to show all stack frames", "Click to hide stack frames")'>Click to show all stack frames</a>
<div class='stack-trace' id='stack-trace93314457'><pre>java.lang.IllegalArgumentException: Argument isn&apos;t number
	at com.bieganski.board.CharConverter.convertCharNumberToInt(CharConverter.java:18)
	at com.bieganski.board.CharConverterTest.convertCharNumberToInt_FailWhenArgumentIsNotNumber(CharConverterTest.java:11)
	at java.base/jdk.internal.reflect.NativeMethodAccessorImpl.invoke0(Native Method)
	at java.base/jdk.internal.reflect.NativeMethodAccessorImpl.invoke(NativeMethodAccessorImpl.java:62)
	at java.base/jdk.internal.reflect.DelegatingMethodAccessorImpl.invoke(DelegatingMethodAccessorImpl.java:43)
	at java.base/java.lang.reflect.Method.invoke(Method.java:567)
	at org.testng.internal.MethodInvocationHelper.invokeMethod(MethodInvocationHelper.java:124)
	at org.testng.internal.Invoker.invokeMethod(Invoker.java:583)
	at org.testng.internal.Invoker.invokeTestMethod(Invoker.java:719)
	at org.testng.internal.Invoker.invokeTestMethods(Invoker.java:989)
	at org.testng.internal.TestMethodWorker.invokeTestMethods(TestMethodWorker.java:125)
	at org.testng.internal.TestMethodWorker.run(TestMethodWorker.java:109)
	at org.testng.TestRunner.privateRun(TestRunner.java:648)
	at org.testng.TestRunner.run(TestRunner.java:505)
	at org.testng.SuiteRunner.runTest(SuiteRunner.java:455)
	at org.testng.SuiteRunner.runSequentially(SuiteRunner.java:450)
	at org.testng.SuiteRunner.privateRun(SuiteRunner.java:415)
	at org.testng.SuiteRunner.run(SuiteRunner.java:364)
	at org.testng.SuiteRunnerWorker.runSuite(SuiteRunnerWorker.java:52)
	at org.testng.SuiteRunnerWorker.run(SuiteRunnerWorker.java:84)
	at org.testng.TestNG.runSuitesSequentially(TestNG.java:1208)
	at org.testng.TestNG.runSuitesLocally(TestNG.java:1137)
	at org.testng.TestNG.runSuites(TestNG.java:1049)
	at org.testng.TestNG.run(TestNG.java:1017)
	at org.apache.maven.surefire.testng.TestNGExecutor.run(TestNGExecutor.java:135)
	at org.apache.maven.surefire.testng.TestNGDirectoryTestSuite.executeMulti(TestNGDirectoryTestSuite.java:193)
	at org.apache.maven.surefire.testng.TestNGDirectoryTestSuite.execute(TestNGDirectoryTestSuite.java:94)
	at org.apache.maven.surefire.testng.TestNGProvider.invoke(TestNGProvider.java:146)
	at org.apache.maven.surefire.booter.ForkedBooter.invokeProviderInSameClassLoader(ForkedBooter.java:384)
	at org.apache.maven.surefire.booter.ForkedBooter.runSuitesInProcess(ForkedBooter.java:345)
	at org.apache.maven.surefire.booter.ForkedBooter.execute(ForkedBooter.java:126)
	at org.apache.maven.surefire.booter.ForkedBooter.main(ForkedBooter.java:418)
</pre></div></td>
<td>0</td>
<td>com.bieganski.board.CharConverterTest@13eb8acf</td></tr>
<tr>
<td title='com.bieganski.board.CharConverterTest.convertCharNumberToInt_ProperValue()'><b>convertCharNumberToInt_ProperValue</b><br>Test class: com.bieganski.board.CharConverterTest</td>
<td></td>
<td>0</td>
<td>com.bieganski.board.CharConverterTest@13eb8acf</td></tr>
<tr>
<td title='com.bieganski.board.CharConverterTest.convertCharNumberToInt_WrongValue()'><b>convertCharNumberToInt_WrongValue</b><br>Test class: com.bieganski.board.CharConverterTest</td>
<td></td>
<td>0</td>
<td>com.bieganski.board.CharConverterTest@13eb8acf</td></tr>
<tr>
<td title='com.bieganski.board.FieldCoordinatesTest.getFieldCoordinates_getProperColumnValue()'><b>getFieldCoordinates_getProperColumnValue</b><br>Test class: com.bieganski.board.FieldCoordinatesTest</td>
<td></td>
<td>0</td>
<td>com.bieganski.board.FieldCoordinatesTest@51c8530f</td></tr>
<tr>
<td title='com.bieganski.board.FieldCoordinatesTest.getFieldCoordinates_getProperRowValue()'><b>getFieldCoordinates_getProperRowValue</b><br>Test class: com.bieganski.board.FieldCoordinatesTest</td>
<td></td>
<td>0</td>
<td>com.bieganski.board.FieldCoordinatesTest@51c8530f</td></tr>
<tr>
<td title='com.bieganski.board.FieldCoordinatesTest.getFieldCoordinates_getWrongColumnValue()'><b>getFieldCoordinates_getWrongColumnValue</b><br>Test class: com.bieganski.board.FieldCoordinatesTest</td>
<td></td>
<td>0</td>
<td>com.bieganski.board.FieldCoordinatesTest@51c8530f</td></tr>
<tr>
<td title='com.bieganski.board.FieldCoordinatesTest.getFieldCoordinates_getWrongRowValue()'><b>getFieldCoordinates_getWrongRowValue</b><br>Test class: com.bieganski.board.FieldCoordinatesTest</td>
<td></td>
<td>0</td>
<td>com.bieganski.board.FieldCoordinatesTest@51c8530f</td></tr>
<tr>
<td title='com.bieganski.board.BoardTest.getFields_ShouldThrowException()'><b>getFields_ShouldThrowException</b><br>Test class: com.bieganski.board.BoardTest</td>
<td><div><pre>java.lang.IllegalArgumentException: List of figures can&apos;t be null
	at com.bieganski.board.Board.&lt;init&gt;(Board.java:18)
	at com.bieganski.board.BoardTest.getFields_ShouldThrowException(BoardTest.java:11)
... Removed 30 stack frames</pre></div><a href='#' onClick='toggleBox("stack-trace2023938592", this, "Click to show all stack frames", "Click to hide stack frames")'>Click to show all stack frames</a>
<div class='stack-trace' id='stack-trace2023938592'><pre>java.lang.IllegalArgumentException: List of figures can&apos;t be null
	at com.bieganski.board.Board.&lt;init&gt;(Board.java:18)
	at com.bieganski.board.BoardTest.getFields_ShouldThrowException(BoardTest.java:11)
	at java.base/jdk.internal.reflect.NativeMethodAccessorImpl.invoke0(Native Method)
	at java.base/jdk.internal.reflect.NativeMethodAccessorImpl.invoke(NativeMethodAccessorImpl.java:62)
	at java.base/jdk.internal.reflect.DelegatingMethodAccessorImpl.invoke(DelegatingMethodAccessorImpl.java:43)
	at java.base/java.lang.reflect.Method.invoke(Method.java:567)
	at org.testng.internal.MethodInvocationHelper.invokeMethod(MethodInvocationHelper.java:124)
	at org.testng.internal.Invoker.invokeMethod(Invoker.java:583)
	at org.testng.internal.Invoker.invokeTestMethod(Invoker.java:719)
	at org.testng.internal.Invoker.invokeTestMethods(Invoker.java:989)
	at org.testng.internal.TestMethodWorker.invokeTestMethods(TestMethodWorker.java:125)
	at org.testng.internal.TestMethodWorker.run(TestMethodWorker.java:109)
	at org.testng.TestRunner.privateRun(TestRunner.java:648)
	at org.testng.TestRunner.run(TestRunner.java:505)
	at org.testng.SuiteRunner.runTest(SuiteRunner.java:455)
	at org.testng.SuiteRunner.runSequentially(SuiteRunner.java:450)
	at org.testng.SuiteRunner.privateRun(SuiteRunner.java:415)
	at org.testng.SuiteRunner.run(SuiteRunner.java:364)
	at org.testng.SuiteRunnerWorker.runSuite(SuiteRunnerWorker.java:52)
	at org.testng.SuiteRunnerWorker.run(SuiteRunnerWorker.java:84)
	at org.testng.TestNG.runSuitesSequentially(TestNG.java:1208)
	at org.testng.TestNG.runSuitesLocally(TestNG.java:1137)
	at org.testng.TestNG.runSuites(TestNG.java:1049)
	at org.testng.TestNG.run(TestNG.java:1017)
	at org.apache.maven.surefire.testng.TestNGExecutor.run(TestNGExecutor.java:135)
	at org.apache.maven.surefire.testng.TestNGDirectoryTestSuite.executeMulti(TestNGDirectoryTestSuite.java:193)
	at org.apache.maven.surefire.testng.TestNGDirectoryTestSuite.execute(TestNGDirectoryTestSuite.java:94)
	at org.apache.maven.surefire.testng.TestNGProvider.invoke(TestNGProvider.java:146)
	at org.apache.maven.surefire.booter.ForkedBooter.invokeProviderInSameClassLoader(ForkedBooter.java:384)
	at org.apache.maven.surefire.booter.ForkedBooter.runSuitesInProcess(ForkedBooter.java:345)
	at org.apache.maven.surefire.booter.ForkedBooter.execute(ForkedBooter.java:126)
	at org.apache.maven.surefire.booter.ForkedBooter.main(ForkedBooter.java:418)
</pre></div></td>
<td>0</td>
<td>com.bieganski.board.BoardTest@543c6f6d</td></tr>
<tr>
<td title='com.bieganski.board.FieldTest.getFigureOnThisField_ShouldReturnNull()'><b>getFigureOnThisField_ShouldReturnNull</b><br>Test class: com.bieganski.board.FieldTest</td>
<td></td>
<td>0</td>
<td>com.bieganski.board.FieldTest@7403c468</td></tr>
<tr>
<td title='com.bieganski.board.FieldTest.getFiguresThatCanAttackThisField_CanNotReturnNull()'><b>getFiguresThatCanAttackThisField_CanNotReturnNull</b><br>Test class: com.bieganski.board.FieldTest</td>
<td></td>
<td>0</td>
<td>com.bieganski.board.FieldTest@7403c468</td></tr>
<tr>
<td title='com.bieganski.board.CharConverterTest.getIndexOfLetterInAlphabet_FailWhenArgumentIsNotLetter()'><b>getIndexOfLetterInAlphabet_FailWhenArgumentIsNotLetter</b><br>Test class: com.bieganski.board.CharConverterTest</td>
<td><div><pre>java.lang.IllegalArgumentException: Argument isn&apos;t letter!
	at com.bieganski.board.CharConverter.getIndexOfLetterInAlphabet(CharConverter.java:9)
	at com.bieganski.board.CharConverterTest.getIndexOfLetterInAlphabet_FailWhenArgumentIsNotLetter(CharConverterTest.java:16)
... Removed 30 stack frames</pre></div><a href='#' onClick='toggleBox("stack-trace1889248251", this, "Click to show all stack frames", "Click to hide stack frames")'>Click to show all stack frames</a>
<div class='stack-trace' id='stack-trace1889248251'><pre>java.lang.IllegalArgumentException: Argument isn&apos;t letter!
	at com.bieganski.board.CharConverter.getIndexOfLetterInAlphabet(CharConverter.java:9)
	at com.bieganski.board.CharConverterTest.getIndexOfLetterInAlphabet_FailWhenArgumentIsNotLetter(CharConverterTest.java:16)
	at java.base/jdk.internal.reflect.NativeMethodAccessorImpl.invoke0(Native Method)
	at java.base/jdk.internal.reflect.NativeMethodAccessorImpl.invoke(NativeMethodAccessorImpl.java:62)
	at java.base/jdk.internal.reflect.DelegatingMethodAccessorImpl.invoke(DelegatingMethodAccessorImpl.java:43)
	at java.base/java.lang.reflect.Method.invoke(Method.java:567)
	at org.testng.internal.MethodInvocationHelper.invokeMethod(MethodInvocationHelper.java:124)
	at org.testng.internal.Invoker.invokeMethod(Invoker.java:583)
	at org.testng.internal.Invoker.invokeTestMethod(Invoker.java:719)
	at org.testng.internal.Invoker.invokeTestMethods(Invoker.java:989)
	at org.testng.internal.TestMethodWorker.invokeTestMethods(TestMethodWorker.java:125)
	at org.testng.internal.TestMethodWorker.run(TestMethodWorker.java:109)
	at org.testng.TestRunner.privateRun(TestRunner.java:648)
	at org.testng.TestRunner.run(TestRunner.java:505)
	at org.testng.SuiteRunner.runTest(SuiteRunner.java:455)
	at org.testng.SuiteRunner.runSequentially(SuiteRunner.java:450)
	at org.testng.SuiteRunner.privateRun(SuiteRunner.java:415)
	at org.testng.SuiteRunner.run(SuiteRunner.java:364)
	at org.testng.SuiteRunnerWorker.runSuite(SuiteRunnerWorker.java:52)
	at org.testng.SuiteRunnerWorker.run(SuiteRunnerWorker.java:84)
	at org.testng.TestNG.runSuitesSequentially(TestNG.java:1208)
	at org.testng.TestNG.runSuitesLocally(TestNG.java:1137)
	at org.testng.TestNG.runSuites(TestNG.java:1049)
	at org.testng.TestNG.run(TestNG.java:1017)
	at org.apache.maven.surefire.testng.TestNGExecutor.run(TestNGExecutor.java:135)
	at org.apache.maven.surefire.testng.TestNGDirectoryTestSuite.executeMulti(TestNGDirectoryTestSuite.java:193)
	at org.apache.maven.surefire.testng.TestNGDirectoryTestSuite.execute(TestNGDirectoryTestSuite.java:94)
	at org.apache.maven.surefire.testng.TestNGProvider.invoke(TestNGProvider.java:146)
	at org.apache.maven.surefire.booter.ForkedBooter.invokeProviderInSameClassLoader(ForkedBooter.java:384)
	at org.apache.maven.surefire.booter.ForkedBooter.runSuitesInProcess(ForkedBooter.java:345)
	at org.apache.maven.surefire.booter.ForkedBooter.execute(ForkedBooter.java:126)
	at org.apache.maven.surefire.booter.ForkedBooter.main(ForkedBooter.java:418)
</pre></div></td>
<td>0</td>
<td>com.bieganski.board.CharConverterTest@13eb8acf</td></tr>
<tr>
<td title='com.bieganski.board.CharConverterTest.getIndexOfLetterInAlphabet_LowerCaseShouldWork()'><b>getIndexOfLetterInAlphabet_LowerCaseShouldWork</b><br>Test class: com.bieganski.board.CharConverterTest</td>
<td></td>
<td>0</td>
<td>com.bieganski.board.CharConverterTest@13eb8acf</td></tr>
<tr>
<td title='com.bieganski.board.CharConverterTest.getIndexOfLetterInAlphabet_ProperValue()'><b>getIndexOfLetterInAlphabet_ProperValue</b><br>Test class: com.bieganski.board.CharConverterTest</td>
<td></td>
<td>0</td>
<td>com.bieganski.board.CharConverterTest@13eb8acf</td></tr>
<tr>
<td title='com.bieganski.board.CharConverterTest.getIndexOfLetterInAlphabet_WrongValue()'><b>getIndexOfLetterInAlphabet_WrongValue</b><br>Test class: com.bieganski.board.CharConverterTest</td>
<td></td>
<td>0</td>
<td>com.bieganski.board.CharConverterTest@13eb8acf</td></tr>
<tr>
<td title='com.bieganski.board.BoardParserTest.parse_ThrowsExceptionWhenNull()'><b>parse_ThrowsExceptionWhenNull</b><br>Test class: com.bieganski.board.BoardParserTest</td>
<td><div><pre>java.lang.NullPointerException: List of text lines can&apos;t be null
	at com.bieganski.board.BoardParser.parse(BoardParser.java:23)
	at com.bieganski.board.BoardParserTest.parse_ThrowsExceptionWhenNull(BoardParserTest.java:25)
... Removed 30 stack frames</pre></div><a href='#' onClick='toggleBox("stack-trace1898220577", this, "Click to show all stack frames", "Click to hide stack frames")'>Click to show all stack frames</a>
<div class='stack-trace' id='stack-trace1898220577'><pre>java.lang.NullPointerException: List of text lines can&apos;t be null
	at com.bieganski.board.BoardParser.parse(BoardParser.java:23)
	at com.bieganski.board.BoardParserTest.parse_ThrowsExceptionWhenNull(BoardParserTest.java:25)
	at java.base/jdk.internal.reflect.NativeMethodAccessorImpl.invoke0(Native Method)
	at java.base/jdk.internal.reflect.NativeMethodAccessorImpl.invoke(NativeMethodAccessorImpl.java:62)
	at java.base/jdk.internal.reflect.DelegatingMethodAccessorImpl.invoke(DelegatingMethodAccessorImpl.java:43)
	at java.base/java.lang.reflect.Method.invoke(Method.java:567)
	at org.testng.internal.MethodInvocationHelper.invokeMethod(MethodInvocationHelper.java:124)
	at org.testng.internal.Invoker.invokeMethod(Invoker.java:583)
	at org.testng.internal.Invoker.invokeTestMethod(Invoker.java:719)
	at org.testng.internal.Invoker.invokeTestMethods(Invoker.java:989)
	at org.testng.internal.TestMethodWorker.invokeTestMethods(TestMethodWorker.java:125)
	at org.testng.internal.TestMethodWorker.run(TestMethodWorker.java:109)
	at org.testng.TestRunner.privateRun(TestRunner.java:648)
	at org.testng.TestRunner.run(TestRunner.java:505)
	at org.testng.SuiteRunner.runTest(SuiteRunner.java:455)
	at org.testng.SuiteRunner.runSequentially(SuiteRunner.java:450)
	at org.testng.SuiteRunner.privateRun(SuiteRunner.java:415)
	at org.testng.SuiteRunner.run(SuiteRunner.java:364)
	at org.testng.SuiteRunnerWorker.runSuite(SuiteRunnerWorker.java:52)
	at org.testng.SuiteRunnerWorker.run(SuiteRunnerWorker.java:84)
	at org.testng.TestNG.runSuitesSequentially(TestNG.java:1208)
	at org.testng.TestNG.runSuitesLocally(TestNG.java:1137)
	at org.testng.TestNG.runSuites(TestNG.java:1049)
	at org.testng.TestNG.run(TestNG.java:1017)
	at org.apache.maven.surefire.testng.TestNGExecutor.run(TestNGExecutor.java:135)
	at org.apache.maven.surefire.testng.TestNGDirectoryTestSuite.executeMulti(TestNGDirectoryTestSuite.java:193)
	at org.apache.maven.surefire.testng.TestNGDirectoryTestSuite.execute(TestNGDirectoryTestSuite.java:94)
	at org.apache.maven.surefire.testng.TestNGProvider.invoke(TestNGProvider.java:146)
	at org.apache.maven.surefire.booter.ForkedBooter.invokeProviderInSameClassLoader(ForkedBooter.java:384)
	at org.apache.maven.surefire.booter.ForkedBooter.runSuitesInProcess(ForkedBooter.java:345)
	at org.apache.maven.surefire.booter.ForkedBooter.execute(ForkedBooter.java:126)
	at org.apache.maven.surefire.booter.ForkedBooter.main(ForkedBooter.java:418)
</pre></div></td>
<td>0</td>
<td>com.bieganski.board.BoardParserTest@4e718207</td></tr>
<tr>
<td title='com.bieganski.board.BoardParserTest.parse_WrongLettersInFile()'><b>parse_WrongLettersInFile</b><br>Test class: com.bieganski.board.BoardParserTest</td>
<td><div><pre>java.lang.IllegalArgumentException: Color can be only W-White or B-Black
	at com.bieganski.board.BoardParser.parse(BoardParser.java:34)
	at com.bieganski.board.BoardParserTest.parse_WrongLettersInFile(BoardParserTest.java:31)
... Removed 30 stack frames</pre></div><a href='#' onClick='toggleBox("stack-trace1143371233", this, "Click to show all stack frames", "Click to hide stack frames")'>Click to show all stack frames</a>
<div class='stack-trace' id='stack-trace1143371233'><pre>java.lang.IllegalArgumentException: Color can be only W-White or B-Black
	at com.bieganski.board.BoardParser.parse(BoardParser.java:34)
	at com.bieganski.board.BoardParserTest.parse_WrongLettersInFile(BoardParserTest.java:31)
	at java.base/jdk.internal.reflect.NativeMethodAccessorImpl.invoke0(Native Method)
	at java.base/jdk.internal.reflect.NativeMethodAccessorImpl.invoke(NativeMethodAccessorImpl.java:62)
	at java.base/jdk.internal.reflect.DelegatingMethodAccessorImpl.invoke(DelegatingMethodAccessorImpl.java:43)
	at java.base/java.lang.reflect.Method.invoke(Method.java:567)
	at org.testng.internal.MethodInvocationHelper.invokeMethod(MethodInvocationHelper.java:124)
	at org.testng.internal.Invoker.invokeMethod(Invoker.java:583)
	at org.testng.internal.Invoker.invokeTestMethod(Invoker.java:719)
	at org.testng.internal.Invoker.invokeTestMethods(Invoker.java:989)
	at org.testng.internal.TestMethodWorker.invokeTestMethods(TestMethodWorker.java:125)
	at org.testng.internal.TestMethodWorker.run(TestMethodWorker.java:109)
	at org.testng.TestRunner.privateRun(TestRunner.java:648)
	at org.testng.TestRunner.run(TestRunner.java:505)
	at org.testng.SuiteRunner.runTest(SuiteRunner.java:455)
	at org.testng.SuiteRunner.runSequentially(SuiteRunner.java:450)
	at org.testng.SuiteRunner.privateRun(SuiteRunner.java:415)
	at org.testng.SuiteRunner.run(SuiteRunner.java:364)
	at org.testng.SuiteRunnerWorker.runSuite(SuiteRunnerWorker.java:52)
	at org.testng.SuiteRunnerWorker.run(SuiteRunnerWorker.java:84)
	at org.testng.TestNG.runSuitesSequentially(TestNG.java:1208)
	at org.testng.TestNG.runSuitesLocally(TestNG.java:1137)
	at org.testng.TestNG.runSuites(TestNG.java:1049)
	at org.testng.TestNG.run(TestNG.java:1017)
	at org.apache.maven.surefire.testng.TestNGExecutor.run(TestNGExecutor.java:135)
	at org.apache.maven.surefire.testng.TestNGDirectoryTestSuite.executeMulti(TestNGDirectoryTestSuite.java:193)
	at org.apache.maven.surefire.testng.TestNGDirectoryTestSuite.execute(TestNGDirectoryTestSuite.java:94)
	at org.apache.maven.surefire.testng.TestNGProvider.invoke(TestNGProvider.java:146)
	at org.apache.maven.surefire.booter.ForkedBooter.invokeProviderInSameClassLoader(ForkedBooter.java:384)
	at org.apache.maven.surefire.booter.ForkedBooter.runSuitesInProcess(ForkedBooter.java:345)
	at org.apache.maven.surefire.booter.ForkedBooter.execute(ForkedBooter.java:126)
	at org.apache.maven.surefire.booter.ForkedBooter.main(ForkedBooter.java:418)
</pre></div></td>
<td>0</td>
<td>com.bieganski.board.BoardParserTest@4e718207</td></tr>
<tr>
<td title='com.bieganski.board.BoardReaderTest.readFileToList_LoadProperFile()'><b>readFileToList_LoadProperFile</b><br>Test class: com.bieganski.board.BoardReaderTest</td>
<td></td>
<td>0</td>
<td>com.bieganski.board.BoardReaderTest@1d371b2d</td></tr>
<tr>
<td title='com.bieganski.board.BoardReaderTest.readFileToList_ThrowsExceptionWhenArgumentIsNull()'><b>readFileToList_ThrowsExceptionWhenArgumentIsNull</b><br>Test class: com.bieganski.board.BoardReaderTest</td>
<td><div><pre>java.lang.NullPointerException: File name can&apos;t be null!
	at com.bieganski.board.BoardReader.readFileToList(BoardReader.java:12)
	at com.bieganski.board.BoardReaderTest.readFileToList_ThrowsExceptionWhenArgumentIsNull(BoardReaderTest.java:22)
... Removed 30 stack frames</pre></div><a href='#' onClick='toggleBox("stack-trace2038148563", this, "Click to show all stack frames", "Click to hide stack frames")'>Click to show all stack frames</a>
<div class='stack-trace' id='stack-trace2038148563'><pre>java.lang.NullPointerException: File name can&apos;t be null!
	at com.bieganski.board.BoardReader.readFileToList(BoardReader.java:12)
	at com.bieganski.board.BoardReaderTest.readFileToList_ThrowsExceptionWhenArgumentIsNull(BoardReaderTest.java:22)
	at java.base/jdk.internal.reflect.NativeMethodAccessorImpl.invoke0(Native Method)
	at java.base/jdk.internal.reflect.NativeMethodAccessorImpl.invoke(NativeMethodAccessorImpl.java:62)
	at java.base/jdk.internal.reflect.DelegatingMethodAccessorImpl.invoke(DelegatingMethodAccessorImpl.java:43)
	at java.base/java.lang.reflect.Method.invoke(Method.java:567)
	at org.testng.internal.MethodInvocationHelper.invokeMethod(MethodInvocationHelper.java:124)
	at org.testng.internal.Invoker.invokeMethod(Invoker.java:583)
	at org.testng.internal.Invoker.invokeTestMethod(Invoker.java:719)
	at org.testng.internal.Invoker.invokeTestMethods(Invoker.java:989)
	at org.testng.internal.TestMethodWorker.invokeTestMethods(TestMethodWorker.java:125)
	at org.testng.internal.TestMethodWorker.run(TestMethodWorker.java:109)
	at org.testng.TestRunner.privateRun(TestRunner.java:648)
	at org.testng.TestRunner.run(TestRunner.java:505)
	at org.testng.SuiteRunner.runTest(SuiteRunner.java:455)
	at org.testng.SuiteRunner.runSequentially(SuiteRunner.java:450)
	at org.testng.SuiteRunner.privateRun(SuiteRunner.java:415)
	at org.testng.SuiteRunner.run(SuiteRunner.java:364)
	at org.testng.SuiteRunnerWorker.runSuite(SuiteRunnerWorker.java:52)
	at org.testng.SuiteRunnerWorker.run(SuiteRunnerWorker.java:84)
	at org.testng.TestNG.runSuitesSequentially(TestNG.java:1208)
	at org.testng.TestNG.runSuitesLocally(TestNG.java:1137)
	at org.testng.TestNG.runSuites(TestNG.java:1049)
	at org.testng.TestNG.run(TestNG.java:1017)
	at org.apache.maven.surefire.testng.TestNGExecutor.run(TestNGExecutor.java:135)
	at org.apache.maven.surefire.testng.TestNGDirectoryTestSuite.executeMulti(TestNGDirectoryTestSuite.java:193)
	at org.apache.maven.surefire.testng.TestNGDirectoryTestSuite.execute(TestNGDirectoryTestSuite.java:94)
	at org.apache.maven.surefire.testng.TestNGProvider.invoke(TestNGProvider.java:146)
	at org.apache.maven.surefire.booter.ForkedBooter.invokeProviderInSameClassLoader(ForkedBooter.java:384)
	at org.apache.maven.surefire.booter.ForkedBooter.runSuitesInProcess(ForkedBooter.java:345)
	at org.apache.maven.surefire.booter.ForkedBooter.execute(ForkedBooter.java:126)
	at org.apache.maven.surefire.booter.ForkedBooter.main(ForkedBooter.java:418)
</pre></div></td>
<td>0</td>
<td>com.bieganski.board.BoardReaderTest@1d371b2d</td></tr>
<tr>
<td title='com.bieganski.board.BoardReaderTest.readFileToList_ThrowsExceptionWhenFileNameIsBad()'><b>readFileToList_ThrowsExceptionWhenFileNameIsBad</b><br>Test class: com.bieganski.board.BoardReaderTest</td>
<td><div><pre>java.lang.IllegalArgumentException: There is no file like: abc
	at com.bieganski.board.BoardReader.readFileToList(BoardReader.java:29)
	at com.bieganski.board.BoardReaderTest.readFileToList_ThrowsExceptionWhenFileNameIsBad(BoardReaderTest.java:17)
... Removed 30 stack frames</pre></div><a href='#' onClick='toggleBox("stack-trace2008966511", this, "Click to show all stack frames", "Click to hide stack frames")'>Click to show all stack frames</a>
<div class='stack-trace' id='stack-trace2008966511'><pre>java.lang.IllegalArgumentException: There is no file like: abc
	at com.bieganski.board.BoardReader.readFileToList(BoardReader.java:29)
	at com.bieganski.board.BoardReaderTest.readFileToList_ThrowsExceptionWhenFileNameIsBad(BoardReaderTest.java:17)
	at java.base/jdk.internal.reflect.NativeMethodAccessorImpl.invoke0(Native Method)
	at java.base/jdk.internal.reflect.NativeMethodAccessorImpl.invoke(NativeMethodAccessorImpl.java:62)
	at java.base/jdk.internal.reflect.DelegatingMethodAccessorImpl.invoke(DelegatingMethodAccessorImpl.java:43)
	at java.base/java.lang.reflect.Method.invoke(Method.java:567)
	at org.testng.internal.MethodInvocationHelper.invokeMethod(MethodInvocationHelper.java:124)
	at org.testng.internal.Invoker.invokeMethod(Invoker.java:583)
	at org.testng.internal.Invoker.invokeTestMethod(Invoker.java:719)
	at org.testng.internal.Invoker.invokeTestMethods(Invoker.java:989)
	at org.testng.internal.TestMethodWorker.invokeTestMethods(TestMethodWorker.java:125)
	at org.testng.internal.TestMethodWorker.run(TestMethodWorker.java:109)
	at org.testng.TestRunner.privateRun(TestRunner.java:648)
	at org.testng.TestRunner.run(TestRunner.java:505)
	at org.testng.SuiteRunner.runTest(SuiteRunner.java:455)
	at org.testng.SuiteRunner.runSequentially(SuiteRunner.java:450)
	at org.testng.SuiteRunner.privateRun(SuiteRunner.java:415)
	at org.testng.SuiteRunner.run(SuiteRunner.java:364)
	at org.testng.SuiteRunnerWorker.runSuite(SuiteRunnerWorker.java:52)
	at org.testng.SuiteRunnerWorker.run(SuiteRunnerWorker.java:84)
	at org.testng.TestNG.runSuitesSequentially(TestNG.java:1208)
	at org.testng.TestNG.runSuitesLocally(TestNG.java:1137)
	at org.testng.TestNG.runSuites(TestNG.java:1049)
	at org.testng.TestNG.run(TestNG.java:1017)
	at org.apache.maven.surefire.testng.TestNGExecutor.run(TestNGExecutor.java:135)
	at org.apache.maven.surefire.testng.TestNGDirectoryTestSuite.executeMulti(TestNGDirectoryTestSuite.java:193)
	at org.apache.maven.surefire.testng.TestNGDirectoryTestSuite.execute(TestNGDirectoryTestSuite.java:94)
	at org.apache.maven.surefire.testng.TestNGProvider.invoke(TestNGProvider.java:146)
	at org.apache.maven.surefire.booter.ForkedBooter.invokeProviderInSameClassLoader(ForkedBooter.java:384)
	at org.apache.maven.surefire.booter.ForkedBooter.runSuitesInProcess(ForkedBooter.java:345)
	at org.apache.maven.surefire.booter.ForkedBooter.execute(ForkedBooter.java:126)
	at org.apache.maven.surefire.booter.ForkedBooter.main(ForkedBooter.java:418)
</pre></div></td>
<td>0</td>
<td>com.bieganski.board.BoardReaderTest@1d371b2d</td></tr>
<tr>
<td title='com.bieganski.board.BoardReaderTest.redFileToList_ShouldNotBeNull()'><b>redFileToList_ShouldNotBeNull</b><br>Test class: com.bieganski.board.BoardReaderTest</td>
<td></td>
<td>0</td>
<td>com.bieganski.board.BoardReaderTest@1d371b2d</td></tr>
<tr>
<td title='com.bieganski.board.FieldCoordinatesTest.setColumnValue_setProperColumnValue()'><b>setColumnValue_setProperColumnValue</b><br>Test class: com.bieganski.board.FieldCoordinatesTest</td>
<td></td>
<td>0</td>
<td>com.bieganski.board.FieldCoordinatesTest@51c8530f</td></tr>
<tr>
<td title='com.bieganski.board.FieldCoordinatesTest.setRowValue_setProperRowValue()'><b>setRowValue_setProperRowValue</b><br>Test class: com.bieganski.board.FieldCoordinatesTest</td>
<td></td>
<td>0</td>
<td>com.bieganski.board.FieldCoordinatesTest@51c8530f</td></tr>
<tr>
<td title='com.bieganski.figures.FigureTest.toString_CanNotReturnNull()'><b>toString_CanNotReturnNull</b><br>Test class: com.bieganski.figures.FigureTest</td>
<td></td>
<td>0</td>
<td>com.bieganski.figures.FigureTest@43738a82</td></tr>
<tr>
<td title='com.bieganski.board.FieldCoordinatesTest.toString_ValueCanNotBe_Null()'><b>toString_ValueCanNotBe_Null</b><br>Test class: com.bieganski.board.FieldCoordinatesTest</td>
<td></td>
<td>0</td>
<td>com.bieganski.board.FieldCoordinatesTest@51c8530f</td></tr>
<tr>
<td title='com.bieganski.board.FieldTest.toString_ValueCanNotBe_Null()'><b>toString_ValueCanNotBe_Null</b><br>Test class: com.bieganski.board.FieldTest</td>
<td></td>
<td>0</td>
<td>com.bieganski.board.FieldTest@7403c468</td></tr>
</table><p>
</body>
</html>